<?xml version="1.0" encoding="UTF-8"?>
<!-- Generated by org.testng.reporters.JUnitReportReporter -->
<testsuite hostname="Mohan-Rathod" failures="0" tests="2" name="com.training.runner.TestRunner" time="0.308" errors="0" timestamp="2026-02-26T15:56:03 IST" skipped="0">
  <testcase classname="com.training.runner.TestRunner" name="runScenario" time="0.013"/>
  <testcase classname="com.training.runner.TestRunner" name="runScenario" time="0.295"/>
</testsuite> <!-- com.training.runner.TestRunner -->
